<?xml version="1.0" encoding="UTF-8"?>
<testng-results ignored="0" total="1" passed="1" failed="0" skipped="0">
  <reporter-output>
  </reporter-output>
  <suite started-at="2022-10-07T06:19:40 EDT" name="Default suite" finished-at="2022-10-07T06:20:00 EDT" duration-ms="20396">
    <groups>
    </groups>
    <test started-at="2022-10-07T06:19:40 EDT" name="Default test" finished-at="2022-10-07T06:20:00 EDT" duration-ms="20396">
      <class name="TestNg.NewTest">
        <test-method is-config="true" signature="beforeClass()[pri:0, instance:TestNg.NewTest@74751b3]" started-at="2022-10-07T06:19:40 EDT" name="beforeClass" finished-at="2022-10-07T06:19:50 EDT" duration-ms="9764" status="PASS">
          <reporter-output>
          </reporter-output>
        </test-method> <!-- beforeClass -->
        <test-method is-config="true" signature="beforeMethod()[pri:0, instance:TestNg.NewTest@74751b3]" started-at="2022-10-07T06:19:50 EDT" name="beforeMethod" finished-at="2022-10-07T06:19:50 EDT" duration-ms="0" status="PASS">
          <reporter-output>
          </reporter-output>
        </test-method> <!-- beforeMethod -->
        <test-method signature="valid()[pri:1, instance:TestNg.NewTest@74751b3]" started-at="2022-10-07T06:19:50 EDT" name="valid" finished-at="2022-10-07T06:20:00 EDT" duration-ms="10554" status="PASS">
          <reporter-output>
          </reporter-output>
        </test-method> <!-- valid -->
        <test-method is-config="true" signature="afterMethod()[pri:0, instance:TestNg.NewTest@74751b3]" started-at="2022-10-07T06:20:00 EDT" name="afterMethod" finished-at="2022-10-07T06:20:00 EDT" duration-ms="0" status="PASS">
          <reporter-output>
          </reporter-output>
        </test-method> <!-- afterMethod -->
        <test-method is-config="true" signature="afterClass()[pri:0, instance:TestNg.NewTest@74751b3]" started-at="2022-10-07T06:20:00 EDT" name="afterClass" finished-at="2022-10-07T06:20:00 EDT" duration-ms="0" status="PASS">
          <reporter-output>
          </reporter-output>
        </test-method> <!-- afterClass -->
      </class> <!-- TestNg.NewTest -->
    </test> <!-- Default test -->
  </suite> <!-- Default suite -->
</testng-results>
